CRITICAL - 2022-11-22 08:37:18 --> syntax error, unexpected token "}"
in APPPATH\Controllers\User\UserController.php on line 332.
 1 SYSTEMPATH\Autoloader\Autoloader.php(259): CodeIgniter\Autoloader\Autoloader->includeFile('APPPATH\\Controllers\\User\\UserController.php')
 2 SYSTEMPATH\Autoloader\Autoloader.php(237): CodeIgniter\Autoloader\Autoloader->loadInNamespace('App\\Controllers\\User\\UserController')
 3 [internal function]: CodeIgniter\Autoloader\Autoloader->loadClass('App\\Controllers\\User\\UserController')
 4 SYSTEMPATH\CodeIgniter.php(854): class_exists('\\App\\Controllers\\User\\UserController', true)
 5 SYSTEMPATH\CodeIgniter.php(444): CodeIgniter\CodeIgniter->startController()
 6 SYSTEMPATH\CodeIgniter.php(340): CodeIgniter\CodeIgniter->handleRequest(null, Object(Config\Cache), false)
 7 FCPATH\index.php(67): CodeIgniter\CodeIgniter->run()
CRITICAL - 2022-11-22 08:37:19 --> syntax error, unexpected token "}"
in APPPATH\Controllers\User\UserController.php on line 332.
 1 SYSTEMPATH\Autoloader\Autoloader.php(259): CodeIgniter\Autoloader\Autoloader->includeFile('APPPATH\\Controllers\\User\\UserController.php')
 2 SYSTEMPATH\Autoloader\Autoloader.php(237): CodeIgniter\Autoloader\Autoloader->loadInNamespace('App\\Controllers\\User\\UserController')
 3 [internal function]: CodeIgniter\Autoloader\Autoloader->loadClass('App\\Controllers\\User\\UserController')
 4 SYSTEMPATH\CodeIgniter.php(854): class_exists('\\App\\Controllers\\User\\UserController', true)
 5 SYSTEMPATH\CodeIgniter.php(444): CodeIgniter\CodeIgniter->startController()
 6 SYSTEMPATH\CodeIgniter.php(340): CodeIgniter\CodeIgniter->handleRequest(null, Object(Config\Cache), false)
 7 FCPATH\index.php(67): CodeIgniter\CodeIgniter->run()
CRITICAL - 2022-11-22 08:37:19 --> syntax error, unexpected token "}"
in APPPATH\Controllers\User\UserController.php on line 332.
 1 SYSTEMPATH\Autoloader\Autoloader.php(259): CodeIgniter\Autoloader\Autoloader->includeFile('APPPATH\\Controllers\\User\\UserController.php')
 2 SYSTEMPATH\Autoloader\Autoloader.php(237): CodeIgniter\Autoloader\Autoloader->loadInNamespace('App\\Controllers\\User\\UserController')
 3 [internal function]: CodeIgniter\Autoloader\Autoloader->loadClass('App\\Controllers\\User\\UserController')
 4 SYSTEMPATH\CodeIgniter.php(854): class_exists('\\App\\Controllers\\User\\UserController', true)
 5 SYSTEMPATH\CodeIgniter.php(444): CodeIgniter\CodeIgniter->startController()
 6 SYSTEMPATH\CodeIgniter.php(340): CodeIgniter\CodeIgniter->handleRequest(null, Object(Config\Cache), false)
 7 FCPATH\index.php(67): CodeIgniter\CodeIgniter->run()
CRITICAL - 2022-11-22 08:37:20 --> syntax error, unexpected token "}"
in APPPATH\Controllers\User\UserController.php on line 332.
 1 SYSTEMPATH\Autoloader\Autoloader.php(259): CodeIgniter\Autoloader\Autoloader->includeFile('APPPATH\\Controllers\\User\\UserController.php')
 2 SYSTEMPATH\Autoloader\Autoloader.php(237): CodeIgniter\Autoloader\Autoloader->loadInNamespace('App\\Controllers\\User\\UserController')
 3 [internal function]: CodeIgniter\Autoloader\Autoloader->loadClass('App\\Controllers\\User\\UserController')
 4 SYSTEMPATH\CodeIgniter.php(854): class_exists('\\App\\Controllers\\User\\UserController', true)
 5 SYSTEMPATH\CodeIgniter.php(444): CodeIgniter\CodeIgniter->startController()
 6 SYSTEMPATH\CodeIgniter.php(340): CodeIgniter\CodeIgniter->handleRequest(null, Object(Config\Cache), false)
 7 FCPATH\index.php(67): CodeIgniter\CodeIgniter->run()
CRITICAL - 2022-11-22 08:37:20 --> syntax error, unexpected token "}"
in APPPATH\Controllers\User\UserController.php on line 332.
 1 SYSTEMPATH\Autoloader\Autoloader.php(259): CodeIgniter\Autoloader\Autoloader->includeFile('APPPATH\\Controllers\\User\\UserController.php')
 2 SYSTEMPATH\Autoloader\Autoloader.php(237): CodeIgniter\Autoloader\Autoloader->loadInNamespace('App\\Controllers\\User\\UserController')
 3 [internal function]: CodeIgniter\Autoloader\Autoloader->loadClass('App\\Controllers\\User\\UserController')
 4 SYSTEMPATH\CodeIgniter.php(854): class_exists('\\App\\Controllers\\User\\UserController', true)
 5 SYSTEMPATH\CodeIgniter.php(444): CodeIgniter\CodeIgniter->startController()
 6 SYSTEMPATH\CodeIgniter.php(340): CodeIgniter\CodeIgniter->handleRequest(null, Object(Config\Cache), false)
 7 FCPATH\index.php(67): CodeIgniter\CodeIgniter->run()
CRITICAL - 2022-11-22 08:37:27 --> syntax error, unexpected token "}"
in APPPATH\Controllers\User\UserController.php on line 332.
 1 SYSTEMPATH\Autoloader\Autoloader.php(259): CodeIgniter\Autoloader\Autoloader->includeFile('APPPATH\\Controllers\\User\\UserController.php')
 2 SYSTEMPATH\Autoloader\Autoloader.php(237): CodeIgniter\Autoloader\Autoloader->loadInNamespace('App\\Controllers\\User\\UserController')
 3 [internal function]: CodeIgniter\Autoloader\Autoloader->loadClass('App\\Controllers\\User\\UserController')
 4 SYSTEMPATH\CodeIgniter.php(854): class_exists('\\App\\Controllers\\User\\UserController', true)
 5 SYSTEMPATH\CodeIgniter.php(444): CodeIgniter\CodeIgniter->startController()
 6 SYSTEMPATH\CodeIgniter.php(340): CodeIgniter\CodeIgniter->handleRequest(null, Object(Config\Cache), false)
 7 FCPATH\index.php(67): CodeIgniter\CodeIgniter->run()
CRITICAL - 2022-11-22 11:12:18 --> Undefined array key "id_users"
in APPPATH\Controllers\User\UserController.php on line 337.
 1 APPPATH\Controllers\User\UserController.php(337): CodeIgniter\Debug\Exceptions->errorHandler(2, 'Undefined array key "id_users"', 'APPPATH\\Controllers\\User\\UserController.php', 337)
 2 SYSTEMPATH\CodeIgniter.php(904): App\Controllers\User\UserController->recover_password_check('hfOSGnoVgdYR')
 3 SYSTEMPATH\CodeIgniter.php(457): CodeIgniter\CodeIgniter->runController(Object(App\Controllers\User\UserController))
 4 SYSTEMPATH\CodeIgniter.php(340): CodeIgniter\CodeIgniter->handleRequest(null, Object(Config\Cache), false)
 5 FCPATH\index.php(67): CodeIgniter\CodeIgniter->run()
CRITICAL - 2022-11-22 11:12:20 --> Undefined array key "id_users"
in APPPATH\Controllers\User\UserController.php on line 337.
 1 APPPATH\Controllers\User\UserController.php(337): CodeIgniter\Debug\Exceptions->errorHandler(2, 'Undefined array key "id_users"', 'APPPATH\\Controllers\\User\\UserController.php', 337)
 2 SYSTEMPATH\CodeIgniter.php(904): App\Controllers\User\UserController->recover_password_check('hfOSGnoVgdYR')
 3 SYSTEMPATH\CodeIgniter.php(457): CodeIgniter\CodeIgniter->runController(Object(App\Controllers\User\UserController))
 4 SYSTEMPATH\CodeIgniter.php(340): CodeIgniter\CodeIgniter->handleRequest(null, Object(Config\Cache), false)
 5 FCPATH\index.php(67): CodeIgniter\CodeIgniter->run()
CRITICAL - 2022-11-22 11:12:30 --> Undefined array key "id_users"
in APPPATH\Controllers\User\UserController.php on line 337.
 1 APPPATH\Controllers\User\UserController.php(337): CodeIgniter\Debug\Exceptions->errorHandler(2, 'Undefined array key "id_users"', 'APPPATH\\Controllers\\User\\UserController.php', 337)
 2 SYSTEMPATH\CodeIgniter.php(904): App\Controllers\User\UserController->recover_password_check('hfOSGnoVgdYR')
 3 SYSTEMPATH\CodeIgniter.php(457): CodeIgniter\CodeIgniter->runController(Object(App\Controllers\User\UserController))
 4 SYSTEMPATH\CodeIgniter.php(340): CodeIgniter\CodeIgniter->handleRequest(null, Object(Config\Cache), false)
 5 FCPATH\index.php(67): CodeIgniter\CodeIgniter->run()
CRITICAL - 2022-11-22 11:12:31 --> Undefined array key "id_users"
in APPPATH\Controllers\User\UserController.php on line 337.
 1 APPPATH\Controllers\User\UserController.php(337): CodeIgniter\Debug\Exceptions->errorHandler(2, 'Undefined array key "id_users"', 'APPPATH\\Controllers\\User\\UserController.php', 337)
 2 SYSTEMPATH\CodeIgniter.php(904): App\Controllers\User\UserController->recover_password_check('hfOSGnoVgdYR')
 3 SYSTEMPATH\CodeIgniter.php(457): CodeIgniter\CodeIgniter->runController(Object(App\Controllers\User\UserController))
 4 SYSTEMPATH\CodeIgniter.php(340): CodeIgniter\CodeIgniter->handleRequest(null, Object(Config\Cache), false)
 5 FCPATH\index.php(67): CodeIgniter\CodeIgniter->run()
